2015-05-15 04:22:46 WARNING   strpos() expects parameter 1 to be string, object given   /sys/jsam/build/text/html.php   (355)
2015-05-15 03:06:40 SYNTAX   unexpected "object start" {arr.oe.os}   pub/doc/pragma/gui/bits.jsam   (47:10)
2015-05-15 04:27:56 SYNTAX   unexpected "plain text" {obj.qs.pt}   pub/doc/pragma/gui/bits.jsam   (33:83)
2015-05-15 04:28:40 SYNTAX   unexpected "object start" {arr.oe.os}   pub/doc/pragma/gui/bits.jsam   (47:10)
2015-05-15 05:06:12 SYNTAX   unexpected "object end" {arr.oe.oe}   pub/obj/butn.jsam   (12:59)
2015-05-15 05:48:16 SYNTAX   unexpected "plain text" {obj.ee.pt}   pub/obj/butn.jsam   (12:65)
2015-05-15 06:05:05 SYNTAX   unexpected "array start" {obj.ld.as}   pub/obj/butn.jsam   (14:54)
2015-05-15 07:13:23 SYNTAX   unexpected "decimal number" {exp.li.dn}   pub/obj/butn.jsam   (12:44)
2015-05-15 07:14:01 SYNTAX   unexpected "reference delimiter" {exp.dn.rd}   pub/obj/butn.jsam   (12:46)
2015-05-15 10:11:22 WARNING   explode() expects at least 2 parameters, 1 given   /sys/core/funcLib.php   (37)
2015-05-15 10:11:22 WARNING   explode() expects at least 2 parameters, 1 given   /sys/core/funcLib.php   (37)
2015-05-15 10:50:34 SYNTAX   unexpected "greater than" {exp.ee.gt}   pub/css/boot/grid.jsam   (38:61)
2015-05-15 10:57:08 NOTICE   uninitialized string offset: 0   /sys/server/_init.php   (46)
2015-05-15 10:57:24 NOTICE   uninitialized string offset: 0   /sys/server/_init.php   (46)
2015-05-15 10:57:33 NOTICE   uninitialized string offset: 0   /sys/server/_init.php   (46)
2015-05-15 11:15:10 SYNTAX   unexpected "expression end" {arr.oe.ee}   pub/doc/client/basis.jsam   (158:6)
2015-05-15 11:56:06 SYNTAX   unexpected "less than" {exp.ee.lt}   pub/css/boot/grid.jsam   (38:27)
2015-05-16 02:19:48 SYNTAX   unexpected "context delimiter" {arr.oe.cd}   pub/css/boot/zbits.jsam   (251:9)
2015-05-16 02:36:40 SYNTAX   unexpected "plain text" {obj.qs.pt}   pub/obj/butn.jsam   (26:85)
2015-05-16 04:22:20 SYNTAX   unexpected "reference delimiter" {exp.pt.rd}   pub/obj/field.jsam   (4:51)
2015-05-16 04:23:34 SYNTAX   unexpected "decimal number" {exp.rd.dn}   pub/obj/field.jsam   (4:53)
2015-05-16 06:50:10 SYNTAX   unexpected "expression start" {exp.mo.es}   pub/obj/butn.jsam   (15:67)
2015-05-16 06:51:13 SYNTAX   unexpected "list delimiter" {exp.ee.ld}   pub/obj/butn.jsam   (15:83)
2015-05-16 07:09:25 SYNTAX   unexpected "expression start" {obj.qs.es}   pub/obj/butn.jsam   (25:77)
2015-05-17 04:13:06 SYNTAX   unexpected "expression start" {exp.ao.es}   pub/obj/field.jsam   (7:24)
2015-05-17 04:14:15 SYNTAX   unexpected "reference delimiter" {obj.qs.rd}   pub/cfg/fields.jsam   (3:18)
2015-05-17 04:20:33 SYNTAX   unexpected "quoted string" {exp.pt.qs}   [string]   (1:17)
2015-05-17 04:21:52 SYNTAX   unexpected "quoted string" {exp.pt.qs}   [string]   (1:17)
2015-05-17 04:22:19 SYNTAX   unexpected "quoted string" {exp.pt.qs}   [string]   (1:17)
2015-05-17 04:23:01 SYNTAX   unexpected "quoted string" {exp.pt.qs}   [string]   (1:17)
2015-05-17 04:23:27 SYNTAX   unexpected "quoted string" {exp.pt.qs}   [string]   (1:17)
2015-05-17 04:30:03 WARNING   invalid argument supplied for foreach()   /sys/jsam/calc.php   (9)
2015-05-17 11:07:13 WARNING   trim() expects parameter 1 to be string, array given   /sys/jsam/build/text/html.php   (74)
2015-05-17 11:10:04 WARNING   trim() expects parameter 1 to be string, array given   /sys/jsam/build/text/html.php   (74)
2015-05-17 11:12:19 WARNING   trim() expects parameter 1 to be string, array given   /sys/jsam/build/text/html.php   (80)
2015-05-17 11:34:17 WARNING   trim() expects parameter 1 to be string, array given   /sys/jsam/build/text/html.php   (77)
2015-05-17 11:59:13 EXCEPTION   "pub/obj/bubl.jsam" is empty   /sys/jsam/frisk.php   (38)
2015-05-19 03:00:28 SYNTAX   unexpected "object start" {arr.oe.os}   pub/obj/bubl.jsam   (6:7)
2015-05-19 07:34:38 SYNTAX   unexpected "reference delimiter" {arr.pt.rd}   pub/obj/bubl.jsam   (6:15)
2015-05-19 08:51:49 EXCEPTION   (obj,str) type sequence expected   /sys/core/classLib.php   (80)
2015-05-19 08:54:53 NOTICE   uninitialized string offset: 1   /sys/jsam/parse/_init.php   (257)
2015-05-19 09:17:08 NOTICE   undefined variable: arg   /sys/jsam/parse/_init.php   (419)
2015-05-19 09:18:43 EXCEPTION   "sys/jsam/parse/isnan.php" is undefined   sys/core/extClass.php   (233)
2015-05-19 09:38:36 ERROR   syntax error, unexpected '}'   /sys/jsam/parse/_init.php   (449)
2015-05-19 09:38:36 ERROR   syntax error, unexpected '}'   /sys/jsam/parse/_init.php   (449)
2015-05-19 09:38:59 SYNTAX   unexpected "assign operator" {exp.ee.ao}   pub/obj/bubl.jsam   (11:49)
2015-05-19 11:58:29 SYNTAX   unexpected "plain text" {obj.qs.pt}   pub/css/boot/zbits.jsam   (231:46)
2015-05-19 12:06:15 SYNTAX   unexpected "reference delimiter" {obj.pt.rd}   pub/css/boot/zbits.jsam   (231:21)
2015-05-19 12:15:35 SYNTAX   unexpected "object end" {exp.qs.oe}   pub/css/boot/zbits.jsam   (233:13)
2015-05-19 12:51:32 EXCEPTION   (obj,str) type sequence expected   /sys/core/classLib.php   (80)
2015-05-19 12:52:47 EXCEPTION   (obj,str) type sequence expected   /sys/core/classLib.php   (80)
2015-05-19 12:57:10 EXCEPTION   (obj,str) type sequence expected   /sys/core/classLib.php   (80)
2015-05-19 01:00:52 EXCEPTION   (obj,str) type sequence expected   /sys/core/classLib.php   (80)
2015-05-19 01:04:37 EXCEPTION   (obj,str) type sequence expected   /sys/core/classLib.php   (80)
2015-05-19 01:05:28 EXCEPTION   (obj,str) type sequence expected   /sys/core/classLib.php   (80)
2015-05-19 01:08:44 EXCEPTION   (obj,str) type sequence expected   /sys/core/classLib.php   (80)
2015-05-19 01:20:17 EXCEPTION   (obj,str) type sequence expected   /sys/core/classLib.php   (80)
2015-05-19 06:23:43 EXCEPTION   (obj,str) type sequence expected   /sys/core/classLib.php   (80)
2015-05-19 06:26:37 EXCEPTION   (obj,str) type sequence expected   /sys/core/classLib.php   (80)
2015-05-19 06:32:11 EXCEPTION   (obj,str) type sequence expected   /sys/core/classLib.php   (80)
2015-05-19 06:53:24 EXCEPTION   (obj,str) type sequence expected   /sys/core/classLib.php   (80)
2015-05-19 06:59:27 EXCEPTION   (obj,str) type sequence expected   /sys/core/classLib.php   (80)
2015-05-19 07:03:40 EXCEPTION   (obj,str) type sequence expected   /sys/core/classLib.php   (80)
2015-05-19 07:10:44 EXCEPTION   (obj,str) type sequence expected   /sys/core/classLib.php   (80)
2015-05-19 07:28:41 EXCEPTION   (obj,str) type sequence expected   /sys/core/classLib.php   (80)
2015-05-19 07:36:02 EXCEPTION   (obj,str) type sequence expected   /sys/core/classLib.php   (80)
2015-05-19 07:43:29 EXCEPTION   (obj,str) type sequence expected   /sys/core/classLib.php   (80)
2015-05-20 01:00:09 SYNTAX   unexpected "context delimiter" {obj.kn.cd}   pub/cfg/fields.jsam   (4:20)
2015-05-20 01:52:16 SYNTAX   unexpected "plain text" {obj.qs.pt}   pub/obj/field.jsam   (38:33)
